#
# There is insufficient memory for the Java Runtime Environment to continue.
# Native memory allocation (malloc) failed to allocate 32744 bytes for ChunkPool::allocate
# Possible reasons:
#   The system is out of physical RAM or swap space
#   The process is running with CompressedOops enabled, and the Java Heap may be blocking the growth of the native heap
# Possible solutions:
#   Reduce memory load on the system
#   Increase physical memory or swap space
#   Check if swap backing store is full
#   Decrease Java heap size (-Xmx/-Xms)
#   Decrease number of Java threads
#   Decrease Java thread stack sizes (-Xss)
#   Set larger code cache with -XX:ReservedCodeCacheSize=
#   JVM is running with Unscaled Compressed Oops mode in which the Java heap is
#     placed in the first 4GB address space. The Java Heap base address is the
#     maximum limit for the native heap growth. Please use -XX:HeapBaseMinAddress
#     to set the Java Heap base and to place the Java Heap above 4GB virtual address.
# This output file may be truncated or incomplete.
#
#  Out of Memory Error (arena.cpp:78), pid=13616, tid=4692
#
# JRE version: Java(TM) SE Runtime Environment (17.0.12+8) (build 17.0.12+8-LTS-286)
# Java VM: Java HotSpot(TM) 64-Bit Server VM (17.0.12+8-LTS-286, mixed mode, sharing, tiered, compressed oops, compressed class ptrs, g1 gc, windows-amd64)
# No core dump will be written. Minidumps are not enabled by default on client versions of Windows
#

---------------  S U M M A R Y ------------

Command Line: -Dnet.bytebuddy.agent.attacher.dump= net.bytebuddy.agent.Attacher com.sun.tools.attach.VirtualMachine 1480 C:\Users\ASUS\.m2\repository\net\bytebuddy\byte-buddy-agent\1.17.8\byte-buddy-agent-1.17.8.jar false 

Host: Intel(R) Core(TM) i3-10110U CPU @ 2.10GHz, 4 cores, 3G,  Windows 11 , 64 bit Build 26100 (10.0.26100.5074)
Time: Tue Nov  4 03:05:47 2025 India Standard Time elapsed time: 0.403415 seconds (0d 0h 0m 0s)

---------------  T H R E A D  ---------------

Current thread (0x000001ffda3add30):  JavaThread "C1 CompilerThread0" daemon [_thread_in_native, id=4692, stack(0x000000b6d1e00000,0x000000b6d1f00000)]


Current CompileTask:
C1:    403  213       3       jdk.internal.org.objectweb.asm.Frame::execute (2305 bytes)

Stack: [0x000000b6d1e00000,0x000000b6d1f00000]
Native frames: (J=compiled Java code, j=interpreted, Vv=VM code, C=native code)
V  [jvm.dll+0x67a04a]
V  [jvm.dll+0x7da4ed]
V  [jvm.dll+0x7dbe33]
V  [jvm.dll+0x7dc4a3]
V  [jvm.dll+0x24508f]
V  [jvm.dll+0xab9a4]
V  [jvm.dll+0xabd3c]
V  [jvm.dll+0x17501a]
V  [jvm.dll+0x176966]
V  [jvm.dll+0x179cdf]
V  [jvm.dll+0x135633]
V  [jvm.dll+0x134eff]
V  [jvm.dll+0x135148]
V  [jvm.dll+0x1345d1]
V  [jvm.dll+0x1362bd]
V  [jvm.dll+0x22610b]
V  [jvm.dll+0x2242ab]
V  [jvm.dll+0x79075c]
V  [jvm.dll+0x78abea]
V  [jvm.dll+0x678f35]
C  [ucrtbase.dll+0x37b0]
C  [KERNEL32.DLL+0x2e8d7]
C  [ntdll.dll+0x8d9c]


---------------  P R O C E S S  ---------------

Threads class SMR info:
_java_thread_list=0x000001ffda5e2ca0, length=12, elements={
0x000001ffbd24bc30, 0x000001ffbd30dd50, 0x000001ffbd311490, 0x000001ffda3a77e0,
0x000001ffda3aa0c0, 0x000001ffda3ab5f0, 0x000001ffda3abfb0, 0x000001ffda3b03c0,
0x000001ffda3add30, 0x000001ffda3bda80, 0x000001ffda60cea0, 0x000001ffda611580
}

Java Threads: ( => current thread )
  0x000001ffbd24bc30 JavaThread "main" [_thread_in_vm_trans, id=16520, stack(0x000000b6d1000000,0x000000b6d1100000)]
  0x000001ffbd30dd50 JavaThread "Reference Handler" daemon [_thread_blocked, id=15320, stack(0x000000b6d1700000,0x000000b6d1800000)]
  0x000001ffbd311490 JavaThread "Finalizer" daemon [_thread_blocked, id=13580, stack(0x000000b6d1800000,0x000000b6d1900000)]
  0x000001ffda3a77e0 JavaThread "Signal Dispatcher" daemon [_thread_blocked, id=11132, stack(0x000000b6d1900000,0x000000b6d1a00000)]
  0x000001ffda3aa0c0 JavaThread "Attach Listener" daemon [_thread_blocked, id=5924, stack(0x000000b6d1a00000,0x000000b6d1b00000)]
  0x000001ffda3ab5f0 JavaThread "Service Thread" daemon [_thread_blocked, id=18060, stack(0x000000b6d1b00000,0x000000b6d1c00000)]
  0x000001ffda3abfb0 JavaThread "Monitor Deflation Thread" daemon [_thread_blocked, id=8700, stack(0x000000b6d1c00000,0x000000b6d1d00000)]
  0x000001ffda3b03c0 JavaThread "C2 CompilerThread0" daemon [_thread_blocked, id=7968, stack(0x000000b6d1d00000,0x000000b6d1e00000)]
=>0x000001ffda3add30 JavaThread "C1 CompilerThread0" daemon [_thread_in_native, id=4692, stack(0x000000b6d1e00000,0x000000b6d1f00000)]
  0x000001ffda3bda80 JavaThread "Sweeper thread" daemon [_thread_blocked, id=16932, stack(0x000000b6d1f00000,0x000000b6d2000000)]
  0x000001ffda60cea0 JavaThread "Notification Thread" daemon [_thread_blocked, id=3224, stack(0x000000b6d2000000,0x000000b6d2100000)]
  0x000001ffda611580 JavaThread "Common-Cleaner" daemon [_thread_blocked, id=5512, stack(0x000000b6d2100000,0x000000b6d2200000)]

Other Threads:
  0x000001ffbd307f90 VMThread "VM Thread" [stack: 0x000000b6d1600000,0x000000b6d1700000] [id=7712]
  0x000001ffbd28a300 GCTaskThread "GC Thread#0" [stack: 0x000000b6d1100000,0x000000b6d1200000] [id=13176]
  0x000001ffbd292dd0 ConcurrentGCThread "G1 Main Marker" [stack: 0x000000b6d1200000,0x000000b6d1300000] [id=8576]
  0x000001ffbd2937e0 ConcurrentGCThread "G1 Conc#0" [stack: 0x000000b6d1300000,0x000000b6d1400000] [id=12316]
  0x000001ffbd2d1720 ConcurrentGCThread "G1 Refine#0" [stack: 0x000000b6d1400000,0x000000b6d1500000] [id=6760]
  0x000001ffbd2d2e20 ConcurrentGCThread "G1 Service" [stack: 0x000000b6d1500000,0x000000b6d1600000] [id=3368]

Threads with active compile tasks:
C1 CompilerThread0      448  213       3       jdk.internal.org.objectweb.asm.Frame::execute (2305 bytes)

VM state: not at safepoint (normal execution)

VM Mutex/Monitor currently owned by a thread: None

Heap address: 0x00000000c2400000, size: 988 MB, Compressed Oops mode: 32-bit

CDS archive(s) mapped at: [0x000001ffdb000000-0x000001ffdbbd0000-0x000001ffdbbd0000), size 12386304, SharedBaseAddress: 0x000001ffdb000000, ArchiveRelocationMode: 1.
Compressed class space mapped at: 0x000001ffdc000000-0x000002001c000000, reserved size: 1073741824
Narrow klass base: 0x000001ffdb000000, Narrow klass shift: 0, Narrow klass range: 0x100000000

GC Precious Log:
 CPUs: 4 total, 4 available
 Memory: 3948M
 Large Page Support: Disabled
 NUMA Support: Disabled
 Compressed Oops: Enabled (32-bit)
 Heap Region Size: 1M
 Heap Min Capacity: 8M
 Heap Initial Capacity: 62M
 Heap Max Capacity: 988M
 Pre-touch: Disabled
 Parallel Workers: 4
 Concurrent Workers: 1
 Concurrent Refinement Workers: 4
 Periodic GC: Disabled

Heap:
 garbage-first heap   total 63488K, used 1024K [0x00000000c2400000, 0x0000000100000000)
  region size 1024K, 2 young (2048K), 0 survivors (0K)
 Metaspace       used 588K, committed 704K, reserved 1114112K
  class space    used 51K, committed 128K, reserved 1048576K

Heap Regions: E=young(eden), S=young(survivor), O=old, HS=humongous(starts), HC=humongous(continues), CS=collection set, F=free, OA=open archive, CA=closed archive, TAMS=top-at-mark-start (previous, next)
|   0|0x00000000c2400000, 0x00000000c2400000, 0x00000000c2500000|  0%| F|  |TAMS 0x00000000c2400000, 0x00000000c2400000| Untracked 
|   1|0x00000000c2500000, 0x00000000c2500000, 0x00000000c2600000|  0%| F|  |TAMS 0x00000000c2500000, 0x00000000c2500000| Untracked 
|   2|0x00000000c2600000, 0x00000000c2600000, 0x00000000c2700000|  0%| F|  |TAMS 0x00000000c2600000, 0x00000000c2600000| Untracked 
|   3|0x00000000c2700000, 0x00000000c2700000, 0x00000000c2800000|  0%| F|  |TAMS 0x00000000c2700000, 0x00000000c2700000| Untracked 
|   4|0x00000000c2800000, 0x00000000c2800000, 0x00000000c2900000|  0%| F|  |TAMS 0x00000000c2800000, 0x00000000c2800000| Untracked 
|   5|0x00000000c2900000, 0x00000000c2900000, 0x00000000c2a00000|  0%| F|  |TAMS 0x00000000c2900000, 0x00000000c2900000| Untracked 
|   6|0x00000000c2a00000, 0x00000000c2a00000, 0x00000000c2b00000|  0%| F|  |TAMS 0x00000000c2a00000, 0x00000000c2a00000| Untracked 
|   7|0x00000000c2b00000, 0x00000000c2b00000, 0x00000000c2c00000|  0%| F|  |TAMS 0x00000000c2b00000, 0x00000000c2b00000| Untracked 
|   8|0x00000000c2c00000, 0x00000000c2c00000, 0x00000000c2d00000|  0%| F|  |TAMS 0x00000000c2c00000, 0x00000000c2c00000| Untracked 
|   9|0x00000000c2d00000, 0x00000000c2d00000, 0x00000000c2e00000|  0%| F|  |TAMS 0x00000000c2d00000, 0x00000000c2d00000| Untracked 
|  10|0x00000000c2e00000, 0x00000000c2e00000, 0x00000000c2f00000|  0%| F|  |TAMS 0x00000000c2e00000, 0x00000000c2e00000| Untracked 
|  11|0x00000000c2f00000, 0x00000000c2f00000, 0x00000000c3000000|  0%| F|  |TAMS 0x00000000c2f00000, 0x00000000c2f00000| Untracked 
|  12|0x00000000c3000000, 0x00000000c3000000, 0x00000000c3100000|  0%| F|  |TAMS 0x00000000c3000000, 0x00000000c3000000| Untracked 
|  13|0x00000000c3100000, 0x00000000c3100000, 0x00000000c3200000|  0%| F|  |TAMS 0x00000000c3100000, 0x00000000c3100000| Untracked 
|  14|0x00000000c3200000, 0x00000000c3200000, 0x00000000c3300000|  0%| F|  |TAMS 0x00000000c3200000, 0x00000000c3200000| Untracked 
|  15|0x00000000c3300000, 0x00000000c3300000, 0x00000000c3400000|  0%| F|  |TAMS 0x00000000c3300000, 0x00000000c3300000| Untracked 
|  16|0x00000000c3400000, 0x00000000c3400000, 0x00000000c3500000|  0%| F|  |TAMS 0x00000000c3400000, 0x00000000c3400000| Untracked 
|  17|0x00000000c3500000, 0x00000000c3500000, 0x00000000c3600000|  0%| F|  |TAMS 0x00000000c3500000, 0x00000000c3500000| Untracked 
|  18|0x00000000c3600000, 0x00000000c3600000, 0x00000000c3700000|  0%| F|  |TAMS 0x00000000c3600000, 0x00000000c3600000| Untracked 
|  19|0x00000000c3700000, 0x00000000c3700000, 0x00000000c3800000|  0%| F|  |TAMS 0x00000000c3700000, 0x00000000c3700000| Untracked 
|  20|0x00000000c3800000, 0x00000000c3800000, 0x00000000c3900000|  0%| F|  |TAMS 0x00000000c3800000, 0x00000000c3800000| Untracked 
|  21|0x00000000c3900000, 0x00000000c3900000, 0x00000000c3a00000|  0%| F|  |TAMS 0x00000000c3900000, 0x00000000c3900000| Untracked 
|  22|0x00000000c3a00000, 0x00000000c3a00000, 0x00000000c3b00000|  0%| F|  |TAMS 0x00000000c3a00000, 0x00000000c3a00000| Untracked 
|  23|0x00000000c3b00000, 0x00000000c3b00000, 0x00000000c3c00000|  0%| F|  |TAMS 0x00000000c3b00000, 0x00000000c3b00000| Untracked 
|  24|0x00000000c3c00000, 0x00000000c3c00000, 0x00000000c3d00000|  0%| F|  |TAMS 0x00000000c3c00000, 0x00000000c3c00000| Untracked 
|  25|0x00000000c3d00000, 0x00000000c3d00000, 0x00000000c3e00000|  0%| F|  |TAMS 0x00000000c3d00000, 0x00000000c3d00000| Untracked 
|  26|0x00000000c3e00000, 0x00000000c3e00000, 0x00000000c3f00000|  0%| F|  |TAMS 0x00000000c3e00000, 0x00000000c3e00000| Untracked 
|  27|0x00000000c3f00000, 0x00000000c3f00000, 0x00000000c4000000|  0%| F|  |TAMS 0x00000000c3f00000, 0x00000000c3f00000| Untracked 
|  28|0x00000000c4000000, 0x00000000c4000000, 0x00000000c4100000|  0%| F|  |TAMS 0x00000000c4000000, 0x00000000c4000000| Untracked 
|  29|0x00000000c4100000, 0x00000000c4100000, 0x00000000c4200000|  0%| F|  |TAMS 0x00000000c4100000, 0x00000000c4100000| Untracked 
|  30|0x00000000c4200000, 0x00000000c4200000, 0x00000000c4300000|  0%| F|  |TAMS 0x00000000c4200000, 0x00000000c4200000| Untracked 
|  31|0x00000000c4300000, 0x00000000c4300000, 0x00000000c4400000|  0%| F|  |TAMS 0x00000000c4300000, 0x00000000c4300000| Untracked 
|  32|0x00000000c4400000, 0x00000000c4400000, 0x00000000c4500000|  0%| F|  |TAMS 0x00000000c4400000, 0x00000000c4400000| Untracked 
|  33|0x00000000c4500000, 0x00000000c4500000, 0x00000000c4600000|  0%| F|  |TAMS 0x00000000c4500000, 0x00000000c4500000| Untracked 
|  34|0x00000000c4600000, 0x00000000c4600000, 0x00000000c4700000|  0%| F|  |TAMS 0x00000000c4600000, 0x00000000c4600000| Untracked 
|  35|0x00000000c4700000, 0x00000000c4700000, 0x00000000c4800000|  0%| F|  |TAMS 0x00000000c4700000, 0x00000000c4700000| Untracked 
|  36|0x00000000c4800000, 0x00000000c4800000, 0x00000000c4900000|  0%| F|  |TAMS 0x00000000c4800000, 0x00000000c4800000| Untracked 
|  37|0x00000000c4900000, 0x00000000c4900000, 0x00000000c4a00000|  0%| F|  |TAMS 0x00000000c4900000, 0x00000000c4900000| Untracked 
|  38|0x00000000c4a00000, 0x00000000c4a00000, 0x00000000c4b00000|  0%| F|  |TAMS 0x00000000c4a00000, 0x00000000c4a00000| Untracked 
|  39|0x00000000c4b00000, 0x00000000c4b00000, 0x00000000c4c00000|  0%| F|  |TAMS 0x00000000c4b00000, 0x00000000c4b00000| Untracked 
|  40|0x00000000c4c00000, 0x00000000c4c00000, 0x00000000c4d00000|  0%| F|  |TAMS 0x00000000c4c00000, 0x00000000c4c00000| Untracked 
|  41|0x00000000c4d00000, 0x00000000c4d00000, 0x00000000c4e00000|  0%| F|  |TAMS 0x00000000c4d00000, 0x00000000c4d00000| Untracked 
|  42|0x00000000c4e00000, 0x00000000c4e00000, 0x00000000c4f00000|  0%| F|  |TAMS 0x00000000c4e00000, 0x00000000c4e00000| Untracked 
|  43|0x00000000c4f00000, 0x00000000c4f00000, 0x00000000c5000000|  0%| F|  |TAMS 0x00000000c4f00000, 0x00000000c4f00000| Untracked 
|  44|0x00000000c5000000, 0x00000000c5000000, 0x00000000c5100000|  0%| F|  |TAMS 0x00000000c5000000, 0x00000000c5000000| Untracked 
|  45|0x00000000c5100000, 0x00000000c5100000, 0x00000000c5200000|  0%| F|  |TAMS 0x00000000c5100000, 0x00000000c5100000| Untracked 
|  46|0x00000000c5200000, 0x00000000c5200000, 0x00000000c5300000|  0%| F|  |TAMS 0x00000000c5200000, 0x00000000c5200000| Untracked 
|  47|0x00000000c5300000, 0x00000000c5300000, 0x00000000c5400000|  0%| F|  |TAMS 0x00000000c5300000, 0x00000000c5300000| Untracked 
|  48|0x00000000c5400000, 0x00000000c5400000, 0x00000000c5500000|  0%| F|  |TAMS 0x00000000c5400000, 0x00000000c5400000| Untracked 
|  49|0x00000000c5500000, 0x00000000c5500000, 0x00000000c5600000|  0%| F|  |TAMS 0x00000000c5500000, 0x00000000c5500000| Untracked 
|  50|0x00000000c5600000, 0x00000000c5600000, 0x00000000c5700000|  0%| F|  |TAMS 0x00000000c5600000, 0x00000000c5600000| Untracked 
|  51|0x00000000c5700000, 0x00000000c5700000, 0x00000000c5800000|  0%| F|  |TAMS 0x00000000c5700000, 0x00000000c5700000| Untracked 
|  52|0x00000000c5800000, 0x00000000c5800000, 0x00000000c5900000|  0%| F|  |TAMS 0x00000000c5800000, 0x00000000c5800000| Untracked 
|  53|0x00000000c5900000, 0x00000000c5900000, 0x00000000c5a00000|  0%| F|  |TAMS 0x00000000c5900000, 0x00000000c5900000| Untracked 
|  54|0x00000000c5a00000, 0x00000000c5a00000, 0x00000000c5b00000|  0%| F|  |TAMS 0x00000000c5a00000, 0x00000000c5a00000| Untracked 
|  55|0x00000000c5b00000, 0x00000000c5b00000, 0x00000000c5c00000|  0%| F|  |TAMS 0x00000000c5b00000, 0x00000000c5b00000| Untracked 
|  56|0x00000000c5c00000, 0x00000000c5c00000, 0x00000000c5d00000|  0%| F|  |TAMS 0x00000000c5c00000, 0x00000000c5c00000| Untracked 
|  57|0x00000000c5d00000, 0x00000000c5d00000, 0x00000000c5e00000|  0%| F|  |TAMS 0x00000000c5d00000, 0x00000000c5d00000| Untracked 
|  58|0x00000000c5e00000, 0x00000000c5e00000, 0x00000000c5f00000|  0%| F|  |TAMS 0x00000000c5e00000, 0x00000000c5e00000| Untracked 
|  59|0x00000000c5f00000, 0x00000000c5f00000, 0x00000000c6000000|  0%| F|  |TAMS 0x00000000c5f00000, 0x00000000c5f00000| Untracked 
|  60|0x00000000c6000000, 0x00000000c60c8378, 0x00000000c6100000| 78%| E|  |TAMS 0x00000000c6000000, 0x00000000c6000000| Complete 
|  61|0x00000000c6100000, 0x00000000c6200000, 0x00000000c6200000|100%| E|CS|TAMS 0x00000000c6100000, 0x00000000c6100000| Complete 

Card table byte_map: [0x000001ffd5b70000,0x000001ffd5d60000] _byte_map_base: 0x000001ffd555e000

Marking Bits (Prev, Next): (CMBitMap*) 0x000001ffbd28a920, (CMBitMap*) 0x000001ffbd28a960
 Prev Bits: [0x000001ffd5f50000, 0x000001ffd6ec0000)
 Next Bits: [0x000001ffd6ec0000, 0x000001ffd7e30000)

Polling page: 0x000001ffbd320000

Metaspace:

Usage:
  Non-class:    537.81 KB used.
      Class:     51.17 KB used.
       Both:    588.98 KB used.

Virtual space:
  Non-class space:       64.00 MB reserved,     576.00 KB ( <1%) committed,  1 nodes.
      Class space:        1.00 GB reserved,     128.00 KB ( <1%) committed,  1 nodes.
             Both:        1.06 GB reserved,     704.00 KB ( <1%) committed. 

Chunk freelists:
   Non-Class:  11.83 MB
       Class:  15.71 MB
        Both:  27.54 MB

MaxMetaspaceSize: unlimited
CompressedClassSpaceSize: 1.00 GB
Initial GC threshold: 21.00 MB
Current GC threshold: 21.00 MB
CDS: on
MetaspaceReclaimPolicy: balanced
 - commit_granule_bytes: 65536.
 - commit_granule_words: 8192.
 - virtual_space_node_default_size: 8388608.
 - enlarge_chunks_in_place: 1.
 - new_chunks_are_fully_committed: 0.
 - uncommit_free_chunks: 1.
 - use_allocation_guard: 0.
 - handle_deallocations: 1.


Internal statistics:

num_allocs_failed_limit: 0.
num_arena_births: 26.
num_arena_deaths: 0.
num_vsnodes_births: 2.
num_vsnodes_deaths: 0.
num_space_committed: 11.
num_space_uncommitted: 0.
num_chunks_returned_to_freelist: 0.
num_chunks_taken_from_freelist: 45.
num_chunk_merges: 0.
num_chunk_splits: 25.
num_chunks_enlarged: 17.
num_inconsistent_stats: 0.

CodeHeap 'non-profiled nmethods': size=120000Kb used=72Kb max_used=72Kb free=119927Kb
 bounds [0x000001ffcdf20000, 0x000001ffce190000, 0x000001ffd5450000]
CodeHeap 'profiled nmethods': size=120000Kb used=244Kb max_used=244Kb free=119755Kb
 bounds [0x000001ffc6450000, 0x000001ffc66c0000, 0x000001ffcd980000]
CodeHeap 'non-nmethods': size=5760Kb used=1101Kb max_used=1115Kb free=4658Kb
 bounds [0x000001ffcd980000, 0x000001ffcdbf0000, 0x000001ffcdf20000]
 total_blobs=596 nmethods=220 adapters=289
 compilation: enabled
              stopped_count=0, restarted_count=0
 full_count=0

Compilation events (20 events):
Event: 0.386 Thread 0x000001ffda3add30 nmethod 196 0x000001ffc6485990 code [0x000001ffc6485b40, 0x000001ffc6485d28]
Event: 0.386 Thread 0x000001ffda3add30  197       3       jdk.internal.org.objectweb.asm.ByteVector::putShort (52 bytes)
Event: 0.386 Thread 0x000001ffda3add30 nmethod 197 0x000001ffc6485e90 code [0x000001ffc6486040, 0x000001ffc6486248]
Event: 0.386 Thread 0x000001ffda3add30  198       3       jdk.internal.org.objectweb.asm.SymbolTable::addConstantUtf8 (98 bytes)
Event: 0.387 Thread 0x000001ffda3add30 nmethod 198 0x000001ffc6486390 code [0x000001ffc64865c0, 0x000001ffc6486bb8]
Event: 0.387 Thread 0x000001ffda3add30  199       3       java.lang.invoke.MemberName::initResolved (53 bytes)
Event: 0.387 Thread 0x000001ffda3add30 nmethod 199 0x000001ffc6486f10 code [0x000001ffc64870a0, 0x000001ffc6487258]
Event: 0.387 Thread 0x000001ffda3add30  201       3       java.lang.ref.Reference::<init> (25 bytes)
Event: 0.388 Thread 0x000001ffda3add30 nmethod 201 0x000001ffc6487310 code [0x000001ffc64874c0, 0x000001ffc6487738]
Event: 0.389 Thread 0x000001ffda3add30  204       3       java.lang.invoke.MethodType$ConcurrentWeakInternSet::get (47 bytes)
Event: 0.389 Thread 0x000001ffda3add30 nmethod 204 0x000001ffc6487810 code [0x000001ffc6487a40, 0x000001ffc6488398]
Event: 0.389 Thread 0x000001ffda3add30  207       1       java.lang.invoke.MethodTypeForm::erasedType (5 bytes)
Event: 0.390 Thread 0x000001ffda3add30 nmethod 207 0x000001ffcdf30010 code [0x000001ffcdf301a0, 0x000001ffcdf30278]
Event: 0.390 Thread 0x000001ffda3add30  208       3       sun.invoke.util.VerifyAccess::isTypeVisible (118 bytes)
Event: 0.392 Thread 0x000001ffda3add30 nmethod 208 0x000001ffc6488710 code [0x000001ffc6488b20, 0x000001ffc648ab58]
Event: 0.392 Thread 0x000001ffda3add30  211       3       java.util.Arrays::equals (57 bytes)
Event: 0.393 Thread 0x000001ffda3add30 nmethod 211 0x000001ffc648b510 code [0x000001ffc648b700, 0x000001ffc648bcc8]
Event: 0.393 Thread 0x000001ffda3add30  212       3       sun.invoke.util.Wrapper::hashPrim (30 bytes)
Event: 0.394 Thread 0x000001ffda3add30 nmethod 212 0x000001ffc648be90 code [0x000001ffc648c120, 0x000001ffc648cd28]
Event: 0.394 Thread 0x000001ffda3add30  213       3       jdk.internal.org.objectweb.asm.Frame::execute (2305 bytes)

GC Heap History (0 events):
No events

Deoptimization events (0 events):
No events

Classes unloaded (0 events):
No events

Classes redefined (0 events):
No events

Internal exceptions (0 events):
No events

VM Operations (2 events):
Event: 0.263 Executing VM operation: HandshakeAllThreads
Event: 0.263 Executing VM operation: HandshakeAllThreads done

Events (20 events):
Event: 0.348 loading class java/util/TimerTask
Event: 0.348 loading class java/util/TimerTask done
Event: 0.349 loading class java/util/Timer
Event: 0.349 loading class java/util/Timer done
Event: 0.350 loading class java/io/FilenameFilter
Event: 0.350 loading class java/io/FilenameFilter done
Event: 0.363 loading class java/util/regex/Pattern$BnM
Event: 0.363 loading class java/util/regex/Pattern$BnM done
Event: 0.363 loading class java/util/regex/Pattern$SliceS
Event: 0.363 loading class java/util/regex/Pattern$SliceS done
Event: 0.373 loading class java/lang/IllegalAccessException
Event: 0.373 loading class java/lang/IllegalAccessException done
Event: 0.373 loading class java/lang/InstantiationException
Event: 0.373 loading class java/lang/InstantiationException done
Event: 0.373 loading class java/lang/reflect/InvocationTargetException
Event: 0.373 loading class java/lang/reflect/InvocationTargetException done
Event: 0.374 loading class java/io/FileNotFoundException
Event: 0.374 loading class java/io/FileNotFoundException done
Event: 0.377 loading class jdk/internal/perf/Perf$CleanerAction
Event: 0.377 loading class jdk/internal/perf/Perf$CleanerAction done


Dynamic libraries:
0x00007ff7f03a0000 - 0x00007ff7f03b0000 	C:\Program Files\Java\jdk-17\bin\java.exe
0x00007fff5f440000 - 0x00007fff5f6a9000 	C:\WINDOWS\SYSTEM32\ntdll.dll
0x00007fff5e870000 - 0x00007fff5e939000 	C:\WINDOWS\System32\KERNEL32.DLL
0x00007fff5cca0000 - 0x00007fff5d093000 	C:\WINDOWS\System32\KERNELBASE.dll
0x00007fff5c990000 - 0x00007fff5cadb000 	C:\WINDOWS\System32\ucrtbase.dll
0x00007fff47590000 - 0x00007fff475ab000 	C:\Program Files\Java\jdk-17\bin\VCRUNTIME140.dll
0x00007fff57050000 - 0x00007fff57069000 	C:\Program Files\Java\jdk-17\bin\jli.dll
0x00007fff5e1f0000 - 0x00007fff5e2a4000 	C:\WINDOWS\System32\ADVAPI32.dll
0x00007fff5da70000 - 0x00007fff5db19000 	C:\WINDOWS\System32\msvcrt.dll
0x00007fff5f230000 - 0x00007fff5f2d6000 	C:\WINDOWS\System32\sechost.dll
0x00007fff5e940000 - 0x00007fff5ea58000 	C:\WINDOWS\System32\RPCRT4.dll
0x00007fff5dd00000 - 0x00007fff5dec4000 	C:\WINDOWS\System32\USER32.dll
0x00007fff5c960000 - 0x00007fff5c987000 	C:\WINDOWS\System32\win32u.dll
0x00007fff5df60000 - 0x00007fff5df8b000 	C:\WINDOWS\System32\GDI32.dll
0x00007fff5cb70000 - 0x00007fff5cc9d000 	C:\WINDOWS\System32\gdi32full.dll
0x00007fff5d0a0000 - 0x00007fff5d143000 	C:\WINDOWS\System32\msvcp_win.dll
0x00007fff44f30000 - 0x00007fff451c3000 	C:\WINDOWS\WinSxS\amd64_microsoft.windows.common-controls_6595b64144ccf1df_6.0.26100.5074_none_3e0d6f78e32fd63f\COMCTL32.dll
0x00007fff4a430000 - 0x00007fff4a43b000 	C:\WINDOWS\SYSTEM32\VERSION.dll
0x00007fff5e3a0000 - 0x00007fff5e3cf000 	C:\WINDOWS\System32\IMM32.DLL
0x00007fff53aa0000 - 0x00007fff53aac000 	C:\Program Files\Java\jdk-17\bin\vcruntime140_1.dll
0x00007fff32ed0000 - 0x00007fff32f5e000 	C:\Program Files\Java\jdk-17\bin\msvcp140.dll
0x00007ffed8540000 - 0x00007ffed9120000 	C:\Program Files\Java\jdk-17\bin\server\jvm.dll
0x00007fff5e2b0000 - 0x00007fff5e2b8000 	C:\WINDOWS\System32\PSAPI.DLL
0x00007fff0c420000 - 0x00007fff0c42a000 	C:\WINDOWS\SYSTEM32\WSOCK32.dll
0x00007fff5f1b0000 - 0x00007fff5f224000 	C:\WINDOWS\System32\WS2_32.dll
0x00007fff46cb0000 - 0x00007fff46ce5000 	C:\WINDOWS\SYSTEM32\WINMM.dll
0x00007fff5b380000 - 0x00007fff5b39b000 	C:\WINDOWS\SYSTEM32\kernel.appcore.dll
0x00007fff47da0000 - 0x00007fff47daa000 	C:\Program Files\Java\jdk-17\bin\jimage.dll
0x00007fff59d90000 - 0x00007fff59fd2000 	C:\WINDOWS\SYSTEM32\DBGHELP.DLL
0x00007fff5d530000 - 0x00007fff5d8ab000 	C:\WINDOWS\System32\combase.dll
0x00007fff5e2c0000 - 0x00007fff5e397000 	C:\WINDOWS\System32\OLEAUT32.dll
0x00007fff40520000 - 0x00007fff4055d000 	C:\WINDOWS\SYSTEM32\dbgcore.DLL
0x00007fff5c5d0000 - 0x00007fff5c669000 	C:\WINDOWS\System32\bcryptPrimitives.dll
0x00007fff32ea0000 - 0x00007fff32ec5000 	C:\Program Files\Java\jdk-17\bin\java.dll
0x00007fff32dc0000 - 0x00007fff32e97000 	C:\Program Files\Java\jdk-17\bin\jsvml.dll
0x00007fff5ea60000 - 0x00007fff5f1ad000 	C:\WINDOWS\System32\SHELL32.dll
0x00007fff5c7f0000 - 0x00007fff5c95c000 	C:\WINDOWS\System32\wintypes.dll
0x00007fff5a210000 - 0x00007fff5aa69000 	C:\WINDOWS\SYSTEM32\windows.storage.dll
0x00007fff5d8d0000 - 0x00007fff5d9c0000 	C:\WINDOWS\System32\SHCORE.dll
0x00007fff5da00000 - 0x00007fff5da62000 	C:\WINDOWS\System32\shlwapi.dll
0x00007fff5c4f0000 - 0x00007fff5c519000 	C:\WINDOWS\SYSTEM32\profapi.dll
0x00007fff45600000 - 0x00007fff45619000 	C:\Program Files\Java\jdk-17\bin\net.dll
0x00007fff4ea50000 - 0x00007fff4eb6f000 	C:\WINDOWS\SYSTEM32\WINHTTP.dll
0x00007fff5b930000 - 0x00007fff5b99b000 	C:\WINDOWS\system32\mswsock.dll
0x00007fff32da0000 - 0x00007fff32db6000 	C:\Program Files\Java\jdk-17\bin\nio.dll
0x00007fff32d80000 - 0x00007fff32d98000 	C:\Program Files\Java\jdk-17\bin\zip.dll
0x00007fff57090000 - 0x00007fff57099000 	C:\Program Files\Java\jdk-17\bin\attach.dll

dbghelp: loaded successfully - version: 4.0.5 - missing functions: none
symbol engine: initialized successfully - sym options: 0x614 - pdb path: .;C:\Program Files\Java\jdk-17\bin;C:\WINDOWS\SYSTEM32;C:\WINDOWS\WinSxS\amd64_microsoft.windows.common-controls_6595b64144ccf1df_6.0.26100.5074_none_3e0d6f78e32fd63f;C:\Program Files\Java\jdk-17\bin\server

VM Arguments:
jvm_args: -Dnet.bytebuddy.agent.attacher.dump= 
java_command: net.bytebuddy.agent.Attacher com.sun.tools.attach.VirtualMachine 1480 C:\Users\ASUS\.m2\repository\net\bytebuddy\byte-buddy-agent\1.17.8\byte-buddy-agent-1.17.8.jar false 
java_class_path (initial): C:\Users\ASUS\.m2\repository\net\bytebuddy\byte-buddy-agent\1.17.8\byte-buddy-agent-1.17.8.jar
Launcher Type: SUN_STANDARD

[Global flags]
     intx CICompilerCount                          = 3                                         {product} {ergonomic}
     uint ConcGCThreads                            = 1                                         {product} {ergonomic}
     uint G1ConcRefinementThreads                  = 4                                         {product} {ergonomic}
   size_t G1HeapRegionSize                         = 1048576                                   {product} {ergonomic}
    uintx GCDrainStackTargetSize                   = 64                                        {product} {ergonomic}
   size_t InitialHeapSize                          = 65011712                                  {product} {ergonomic}
   size_t MarkStackSize                            = 4194304                                   {product} {ergonomic}
   size_t MaxHeapSize                              = 1035993088                                {product} {ergonomic}
   size_t MaxNewSize                               = 620756992                                 {product} {ergonomic}
   size_t MinHeapDeltaBytes                        = 1048576                                   {product} {ergonomic}
   size_t MinHeapSize                              = 8388608                                   {product} {ergonomic}
    uintx NonNMethodCodeHeapSize                   = 5832780                                {pd product} {ergonomic}
    uintx NonProfiledCodeHeapSize                  = 122912730                              {pd product} {ergonomic}
    uintx ProfiledCodeHeapSize                     = 122912730                              {pd product} {ergonomic}
    uintx ReservedCodeCacheSize                    = 251658240                              {pd product} {ergonomic}
     bool SegmentedCodeCache                       = true                                      {product} {ergonomic}
   size_t SoftMaxHeapSize                          = 1035993088                             {manageable} {ergonomic}
     bool UseCompressedClassPointers               = true                           {product lp64_product} {ergonomic}
     bool UseCompressedOops                        = true                           {product lp64_product} {ergonomic}
     bool UseG1GC                                  = true                                      {product} {ergonomic}
     bool UseLargePagesIndividualAllocation        = false                                  {pd product} {ergonomic}

Logging:
Log output configuration:
 #0: stdout all=warning uptime,level,tags
 #1: stderr all=off uptime,level,tags

Environment Variables:
JAVA_HOME=C:\Program Files\Java\jdk-17
PATH=C:\Python312\Scripts\;C:\Python312\;C:\Program Files\Common Files\Oracle\Java\javapath;C:\Program Files (x86)\Common Files\Oracle\Java\java8path;C:\Program Files (x86)\Common Files\Oracle\Java\javapath;C:\Program Files (x86)\Common Files\Intel\Shared Libraries\redist\intel64\compiler;C:\WINDOWS\system32;C:\WINDOWS;C:\WINDOWS\System32\Wbem;C:\WINDOWS\System32\WindowsPowerShell\v1.0\;C:\WINDOWS\System32\OpenSSH\;C:\ProgramData\chocolatey\bin;C:\Program Files\Maven\apache-maven-3.9.9\bin;C:\Program Files\Git\cmd;C:\Program Files\MySQL\MySQL Shell 8.0\bin\;C:\Users\ASUS\AppData\Local\Microsoft\WindowsApps;C:\Users\ASUS\AppData\Local\Programs\Microsoft VS Code\bin;C:\Users\ASUS\AppData\Local\Microsoft\WindowsApps;;D:\Intelij_java\IntelliJ IDEA 2024.3\bin;
USERNAME=ASUS
OS=Windows_NT
PROCESSOR_IDENTIFIER=Intel64 Family 6 Model 142 Stepping 12, GenuineIntel



---------------  S Y S T E M  ---------------

OS:
 Windows 11 , 64 bit Build 26100 (10.0.26100.5074)
OS uptime: 0 days 2:46 hours
Hyper-V role detected

CPU: total 4 (initial active 4) (2 cores per cpu, 2 threads per core) family 6 model 142 stepping 12 microcode 0xde, cx8, cmov, fxsr, ht, mmx, 3dnowpref, sse, sse2, sse3, ssse3, sse4.1, sse4.2, popcnt, lzcnt, tsc, tscinvbit, avx, avx2, aes, erms, clmul, bmi1, bmi2, adx, fma, vzeroupper, clflush, clflushopt, hv

Memory: 4k page, system-wide physical 3948M (323M free)
TotalPageFile size 16236M (AvailPageFile size 1M)
current process WorkingSet (physical memory assigned to process): 38M, peak: 38M
current process commit charge ("private bytes"): 134M, peak: 134M

vm_info: Java HotSpot(TM) 64-Bit Server VM (17.0.12+8-LTS-286) for windows-amd64 JRE (17.0.12+8-LTS-286), built on Jun  5 2024 06:46:59 by "mach5one" with MS VC++ 17.6 (VS2022)

END.
